0 info it worked if it ends with ok
1 verbose cli [ '/usr/local/bin/node',
1 verbose cli   '/usr/local/bin/npm',
1 verbose cli   'install',
1 verbose cli   '-g',
1 verbose cli   'n' ]
2 info using npm@1.2.11
3 info using node@v0.8.21
4 verbose read json /usr/local/lib/package.json
5 verbose read json /usr/local/lib/package.json
6 verbose cache add [ 'n', null ]
7 verbose cache add name=undefined spec="n" args=["n",null]
8 verbose parsed url { pathname: 'n', path: 'n', href: 'n' }
9 silly lockFile d1854cae-n n
10 verbose lock n /root/.npm/d1854cae-n.lock
11 silly lockFile d1854cae-n n
12 silly lockFile d1854cae-n n
13 verbose addNamed [ 'n', '' ]
14 verbose addNamed [ null, '' ]
15 silly lockFile 6b58d7dc-n n@
16 verbose lock n@ /root/.npm/6b58d7dc-n.lock
17 silly addNameRange { name: 'n', range: '', hasData: false }
18 verbose url raw n
19 verbose url resolving [ 'https://registry.npmjs.org/', './n' ]
20 verbose url resolved https://registry.npmjs.org/n
21 info trying registry request attempt 1 at 12:58:02
22 http GET https://registry.npmjs.org/n
23 silly lockFile 6b58d7dc-n n@
24 silly lockFile 6b58d7dc-n n@
25 error Error: SSL Error: CERT_UNTRUSTED
25 error     at ClientRequest.<anonymous> (/usr/local/lib/node_modules/npm/node_modules/request/main.js:525:26)
25 error     at ClientRequest.g (events.js:192:14)
25 error     at ClientRequest.EventEmitter.emit (events.js:96:17)
25 error     at HTTPParser.parserOnIncomingClient [as onIncoming] (http.js:1582:7)
25 error     at HTTPParser.parserOnHeadersComplete [as onHeadersComplete] (http.js:111:23)
25 error     at CleartextStream.socketOnData [as ondata] (http.js:1485:20)
25 error     at CleartextStream.CryptoStream._push (tls.js:544:27)
25 error     at SecurePair.cycle (tls.js:898:20)
25 error     at EncryptedStream.CryptoStream.write (tls.js:285:13)
25 error     at Socket.ondata (stream.js:38:26)
26 error If you need help, you may report this log at:
26 error     <http://github.com/isaacs/npm/issues>
26 error or email it to:
26 error     <npm-@googlegroups.com>
27 error System Linux 4.9.35-v7+
28 error command "/usr/local/bin/node" "/usr/local/bin/npm" "install" "-g" "n"
29 error cwd /home/tm470/repo/explore/sandbox/whatsnearme
30 error node -v v0.8.21
31 error npm -v 1.2.11
32 error code ESSL
33 verbose exit [ 1, true ]
